0 info it worked if it ends with ok
1 verbose cli [ '/Users/alumnehasefa/.node/bin/node',
1 verbose cli   '/Users/alumnehasefa/.node/bin/npm',
1 verbose cli   'publish' ]
2 info using npm@2.14.12
3 info using node@v4.3.1
4 verbose publish [ '.' ]
5 silly cache add args [ '.', null ]
6 verbose cache add spec .
7 silly cache add parsed spec Result {
7 silly cache add   raw: '.',
7 silly cache add   scope: null,
7 silly cache add   name: null,
7 silly cache add   rawSpec: '.',
7 silly cache add   spec: '/Users/alumnehasefa/starwars-names',
7 silly cache add   type: 'directory' }
8 verbose addLocalDirectory /Users/alumnehasefa/.npm/starwars-names/1.0.0/package.tgz not in flight; packing
9 verbose tar pack [ '/Users/alumnehasefa/.npm/starwars-names/1.0.0/package.tgz',
9 verbose tar pack   '/Users/alumnehasefa/starwars-names' ]
10 verbose tarball /Users/alumnehasefa/.npm/starwars-names/1.0.0/package.tgz
11 verbose folder /Users/alumnehasefa/starwars-names
12 info prepublish starwars-names@1.0.0
13 verbose addLocalTarball adding from inside cache /Users/alumnehasefa/.npm/starwars-names/1.0.0/package.tgz
14 silly cache afterAdd starwars-names@1.0.0
15 verbose afterAdd /Users/alumnehasefa/.npm/starwars-names/1.0.0/package/package.json not in flight; writing
16 verbose afterAdd /Users/alumnehasefa/.npm/starwars-names/1.0.0/package/package.json written
17 silly publish { name: 'starwars-names',
17 silly publish   version: '1.0.0',
17 silly publish   description: 'Random Starwars names',
17 silly publish   main: 'src/index.js',
17 silly publish   scripts: { test: 'echo "Error: no test specified" && exit 1' },
17 silly publish   repository:
17 silly publish    { type: 'git',
17 silly publish      url: 'git+https://github.com/alemneh/starwars-names.git' },
17 silly publish   keywords: [ 'random', 'starwars', 'names' ],
17 silly publish   author:
17 silly publish    { name: 'Alemneh Asefa',
17 silly publish      email: 'alemneh.asefa@outlook.com',
17 silly publish      url: 'http://alemneh.com/' },
17 silly publish   license: 'MIT',
17 silly publish   bugs: { url: 'https://github.com/alemneh/starwars-names/issues' },
17 silly publish   homepage: 'https://github.com/alemneh/starwars-names#readme',
17 silly publish   dependencies: { 'unique-random-array': '^1.0.0' },
17 silly publish   readme: '# starwars-names\n',
17 silly publish   readmeFilename: 'README.md',
17 silly publish   gitHead: 'e36234568bb5ddff3bb7e585efb1f33d10466ac3',
17 silly publish   _id: 'starwars-names@1.0.0',
17 silly publish   _shasum: '19d3b7045e3c659342c746f97a6beb861cb5d704',
17 silly publish   _from: '.' }
18 verbose getPublishConfig undefined
19 silly mapToRegistry name starwars-names
20 silly mapToRegistry using default registry
21 silly mapToRegistry registry https://registry.npmjs.org/
22 silly mapToRegistry uri https://registry.npmjs.org/starwars-names
23 verbose publish registryBase https://registry.npmjs.org/
24 silly publish uploading /Users/alumnehasefa/.npm/starwars-names/1.0.0/package.tgz
25 verbose request uri https://registry.npmjs.org/starwars-names
26 verbose request sending authorization for write operation
27 info attempt registry request try #1 at 23:48:16
28 verbose request using bearer token for auth
29 verbose request id 901399d97c4609cb
30 http request PUT https://registry.npmjs.org/starwars-names
31 http 403 https://registry.npmjs.org/starwars-names
32 verbose headers { 'content-type': 'application/json',
32 verbose headers   'cache-control': 'max-age=300',
32 verbose headers   'content-length': '108',
32 verbose headers   'accept-ranges': 'bytes',
32 verbose headers   date: 'Wed, 08 Mar 2017 07:48:16 GMT',
32 verbose headers   via: '1.1 varnish',
32 verbose headers   connection: 'keep-alive',
32 verbose headers   'x-served-by': 'cache-sea1044-SEA',
32 verbose headers   'x-cache': 'MISS',
32 verbose headers   'x-cache-hits': '0',
32 verbose headers   'x-timer': 'S1488959296.409698,VS0,VE51',
32 verbose headers   vary: 'Accept-Encoding' }
33 verbose request invalidating /Users/alumnehasefa/.npm/registry.npmjs.org/starwars-names on PUT
34 error publish Failed PUT 403
35 verbose stack Error: you do not have permission to publish "starwars-names". Are you logged in as the correct user? : starwars-names
35 verbose stack     at makeError (/Users/alumnehasefa/.node/lib/node_modules/npm/node_modules/npm-registry-client/lib/request.js:264:12)
35 verbose stack     at CachingRegistryClient.<anonymous> (/Users/alumnehasefa/.node/lib/node_modules/npm/node_modules/npm-registry-client/lib/request.js:252:14)
35 verbose stack     at Request._callback (/Users/alumnehasefa/.node/lib/node_modules/npm/node_modules/npm-registry-client/lib/request.js:172:14)
35 verbose stack     at Request.self.callback (/Users/alumnehasefa/.node/lib/node_modules/npm/node_modules/request/request.js:198:22)
35 verbose stack     at emitTwo (events.js:87:13)
35 verbose stack     at Request.emit (events.js:172:7)
35 verbose stack     at Request.<anonymous> (/Users/alumnehasefa/.node/lib/node_modules/npm/node_modules/request/request.js:1082:10)
35 verbose stack     at emitOne (events.js:82:20)
35 verbose stack     at Request.emit (events.js:169:7)
35 verbose stack     at IncomingMessage.<anonymous> (/Users/alumnehasefa/.node/lib/node_modules/npm/node_modules/request/request.js:1009:12)
36 verbose statusCode 403
37 verbose pkgid starwars-names
38 verbose cwd /Users/alumnehasefa/starwars-names
39 error Darwin 15.6.0
40 error argv "/Users/alumnehasefa/.node/bin/node" "/Users/alumnehasefa/.node/bin/npm" "publish"
41 error node v4.3.1
42 error npm  v2.14.12
43 error code E403
44 error you do not have permission to publish "starwars-names". Are you logged in as the correct user? : starwars-names
45 error If you need help, you may report this error at:
45 error     <https://github.com/npm/npm/issues>
46 verbose exit [ 1, true ]
